<?xml version="1.0" encoding="utf-8"?>
<LinearLayout android:orientation="vertical" android:background="@color/symptom_question_bg" android:layout_width="fill_parent" android:layout_height="fill_parent"
  xmlns:android="http://schemas.android.com/apk/res/android">
    <include layout="@layout/common_title" />
    <ScrollView android:layout_width="fill_parent" android:layout_height="fill_parent" android:layout_marginTop="8.0dip" android:layout_weight="1.0">
        <LinearLayout android:orientation="vertical" android:layout_width="fill_parent" android:layout_height="fill_parent">
            <LinearLayout android:gravity="center_horizontal" android:orientation="vertical" android:id="@id/result1" android:background="@drawable/bg_question" android:paddingBottom="10.0dip" android:layout_width="fill_parent" android:layout_height="wrap_content" android:layout_marginLeft="5.0dip" android:layout_marginRight="5.0dip">
                <TextView android:textColor="@color/black" android:id="@id/test_sult" android:paddingTop="10.0dip" android:paddingRight="10.0dip" android:paddingBottom="15.0dip" android:layout_width="wrap_content" android:layout_height="wrap_content" android:layout_marginBottom="10.0dip" android:text="" style="@style/info_title" />
            </LinearLayout>
        </LinearLayout>
    </ScrollView>
</LinearLayout>
